[19:39:10] [main/INFO]: Environment: authHost='https://authserver.mojang.com', accountsHost='https://api.mojang.com', sessionHost='https://sessionserver.mojang.com', servicesHost='https://api.minecraftservices.com', name='PROD'
[19:39:10] [main/WARN]: Ambiguity between arguments [teleport, destination] and [teleport, targets] with inputs: [Player, 0123, @e, dd12be42-52a9-4a91-a8a1-11c01849e498]
[19:39:10] [main/WARN]: Ambiguity between arguments [teleport, location] and [teleport, destination] with inputs: [0.1 -0.5 .9, 0 0 0]
[19:39:10] [main/WARN]: Ambiguity between arguments [teleport, location] and [teleport, targets] with inputs: [0.1 -0.5 .9, 0 0 0]
[19:39:10] [main/WARN]: Ambiguity between arguments [teleport, targets] and [teleport, destination] with inputs: [Player, 0123, dd12be42-52a9-4a91-a8a1-11c01849e498]
[19:39:10] [main/WARN]: Ambiguity between arguments [teleport, targets, location] and [teleport, targets, destination] with inputs: [0.1 -0.5 .9, 0 0 0]
[19:39:10] [main/INFO]: Reloading ResourceManager: Default, one-player-sleep-e20.zip
[19:39:12] [Worker-Main-4/INFO]: Loaded 7 recipes
[19:39:12] [Worker-Main-4/INFO]: Loaded 927 advancements
[19:39:14] [Server thread/INFO]: Starting minecraft server version 1.16.5
[19:39:14] [Server thread/INFO]: Loading properties
[19:39:14] [Server thread/INFO]: Default game type: SURVIVAL
[19:39:14] [Server thread/INFO]: Generating keypair
[19:39:14] [Server thread/INFO]: Starting Minecraft server on *:25565
[19:39:14] [Server thread/INFO]: Using epoll channel type
[19:39:14] [Server thread/WARN]: **** SERVER IS RUNNING IN OFFLINE/INSECURE MODE!
[19:39:14] [Server thread/WARN]: The server will make no attempt to authenticate usernames. Beware.
[19:39:14] [Server thread/WARN]: While this makes the game possible to play without internet access, it also opens up the ability for hackers to connect with any username they choose.
[19:39:14] [Server thread/WARN]: To change this, set "online-mode" to "true" in the server.properties file.
[19:39:14] [Server thread/INFO]: Preparing level "world"
[19:39:15] [Server thread/INFO]: Preparing start region for dimension minecraft:overworld
[19:39:17] [Server thread/INFO]: Preparing spawn area: 0%
[19:39:17] [Server thread/INFO]: Preparing spawn area: 0%
[19:39:17] [Server thread/INFO]: Preparing spawn area: 0%
[19:39:17] [Server thread/INFO]: Preparing spawn area: 0%
[19:39:17] [Server thread/INFO]: Preparing spawn area: 0%
[19:39:17] [Server thread/INFO]: Preparing spawn area: 47%
[19:39:20] [Worker-Main-6/INFO]: Preparing spawn area: 83%
[19:39:20] [Worker-Main-5/INFO]: Preparing spawn area: 83%
[19:39:20] [Worker-Main-5/INFO]: Preparing spawn area: 83%
[19:39:20] [Worker-Main-5/INFO]: Preparing spawn area: 83%
[19:39:20] [Worker-Main-5/INFO]: Preparing spawn area: 83%
[19:39:20] [Worker-Main-5/INFO]: Preparing spawn area: 83%
[19:39:21] [Worker-Main-5/INFO]: Preparing spawn area: 83%
[19:39:21] [Worker-Main-5/INFO]: Preparing spawn area: 98%
[19:39:22] [Worker-Main-5/INFO]: Preparing spawn area: 98%
[19:39:22] [Server thread/INFO]: Time elapsed: 7407 ms
[19:39:22] [Server thread/INFO]: Done (7.534s)! For help, type "help"
[19:40:57] [Server thread/INFO]: emicraftxd[/0:0:0:0:0:0:0:1%0:60804] logged in with entity id 78 at (1505.4466209854786, 74.02442408821369, 1809.0701875522125)
[19:40:57] [Server thread/INFO]: emicraftxd joined the game
[19:44:04] [Server thread/INFO]: ElPapu45[/0:0:0:0:0:0:0:1%0:47772] logged in with entity id 1192 at (1497.3080932829391, 64.79673560066871, 1394.4891196863746)
[19:44:04] [Server thread/INFO]: ElPapu45 joined the game
[19:44:23] [Server thread/WARN]: Boat (vehicle of emicraftxd) moved too quickly! -5.848202374768562,0.0,8.59991065594204
[19:45:07] [Server thread/INFO]: [ElPapu45: Teleported ElPapu45 to emicraftxd]
[19:52:18] [Server thread/INFO]: ElPapu45 has made the advancement [Ice Bucket Challenge]
[19:54:43] [Server thread/INFO]: emicraftxd lost connection: Timed out
[19:54:43] [Server thread/INFO]: emicraftxd left the game
[19:54:43] [Server thread/WARN]: handleDisconnection() called twice
[19:54:50] [Server thread/INFO]: ElPapu45 lost connection: Timed out
[19:54:50] [Server thread/INFO]: ElPapu45 left the game
[19:58:20] [Server thread/INFO]: ElPapu45[/0:0:0:0:0:0:0:1%0:35080] logged in with entity id 8248 at (1948.1624416702373, 67.0, 4223.590374989465)
[19:58:20] [Server thread/INFO]: ElPapu45 joined the game
[20:03:20] [Server thread/INFO]: ElPapu45 lost connection: Timed out
[20:03:20] [Server thread/INFO]: ElPapu45 left the game
[20:03:23] [Server thread/INFO]: emicraftxd[/0:0:0:0:0:0:0:1%0:41792] logged in with entity id 9051 at (1933.1602125443417, 65.0, 4228.777543427947)
[20:03:23] [Server thread/INFO]: emicraftxd joined the game
[20:04:25] [Server thread/INFO]: ElPapu45[/0:0:0:0:0:0:0:1%0:42990] logged in with entity id 9354 at (1948.4425820610163, 66.0, 4234.477172373978)
[20:04:25] [Server thread/INFO]: ElPapu45 joined the game
[20:07:53] [Server thread/INFO]: <emicraftxd> me escuchas?
[20:08:02] [Server thread/INFO]: <ElPapu45> habla
[20:08:49] [Server thread/INFO]: <emicraftxd> tepeate que encontre una aldea
[20:08:55] [Server thread/INFO]: [ElPapu45: Teleported ElPapu45 to emicraftxd]
